1505528596.828675 client started (5139): version 2.5, socket /private/tmp/tmux-501/default, protocol 8
1505528596.828718 on Darwin 16.7.0 Darwin Kernel Version 16.7.0: Thu Jun 15 17:36:27 PDT 2017; root:xnu-3789.70.16~2/RELEASE_X86_64; libevent 2.1.8-stable (select)
1505528596.828771 socket is /private/tmp/tmux-501/default
1505528596.828790 trying connect
1505528596.828819 connect failed: Connection refused
1505528596.829006 lock file is /private/tmp/tmux-501/default.lock
1505528596.829332 flock succeeded
1505528596.829344 got lock (6)
1505528596.829352 trying connect
1505528596.829363 connect failed: Connection refused
1505528596.829904 add peer 0x7fdbae81d000: 7 (0x0)
1505528596.831186 sending message 100 to peer 0x7fdbae81d000 (4 bytes)
1505528596.831205 sending message 101 to peer 0x7fdbae81d000 (15 bytes)
1505528596.831210 sending message 102 to peer 0x7fdbae81d000 (13 bytes)
1505528596.831214 sending message 108 to peer 0x7fdbae81d000 (25 bytes)
1505528596.831225 sending message 104 to peer 0x7fdbae81d000 (0 bytes)
1505528596.831229 sending message 107 to peer 0x7fdbae81d000 (4 bytes)
1505528596.831233 sending message 105 to peer 0x7fdbae81d000 (23 bytes)
1505528596.831236 sending message 105 to peer 0x7fdbae81d000 (20 bytes)
1505528596.831240 sending message 105 to peer 0x7fdbae81d000 (16 bytes)
1505528596.831244 sending message 105 to peer 0x7fdbae81d000 (57 bytes)
1505528596.831247 sending message 105 to peer 0x7fdbae81d000 (76 bytes)
1505528596.831251 sending message 105 to peer 0x7fdbae81d000 (28 bytes)
1505528596.831255 sending message 105 to peer 0x7fdbae81d000 (60 bytes)
1505528596.831258 sending message 105 to peer 0x7fdbae81d000 (13 bytes)
1505528596.831262 sending message 105 to peer 0x7fdbae81d000 (66 bytes)
1505528596.831265 sending message 105 to peer 0x7fdbae81d000 (38 bytes)
1505528596.831269 sending message 105 to peer 0x7fdbae81d000 (50 bytes)
1505528596.831273 sending message 105 to peer 0x7fdbae81d000 (29 bytes)
1505528596.831276 sending message 105 to peer 0x7fdbae81d000 (22 bytes)
1505528596.831280 sending message 105 to peer 0x7fdbae81d000 (14 bytes)
1505528596.831284 sending message 105 to peer 0x7fdbae81d000 (19 bytes)
1505528596.831287 sending message 105 to peer 0x7fdbae81d000 (8 bytes)
1505528596.831291 sending message 105 to peer 0x7fdbae81d000 (20 bytes)
1505528596.831294 sending message 105 to peer 0x7fdbae81d000 (15 bytes)
1505528596.831298 sending message 105 to peer 0x7fdbae81d000 (61 bytes)
1505528596.831302 sending message 105 to peer 0x7fdbae81d000 (16 bytes)
1505528596.831305 sending message 105 to peer 0x7fdbae81d000 (15 bytes)
1505528596.831309 sending message 105 to peer 0x7fdbae81d000 (22 bytes)
1505528596.831312 sending message 105 to peer 0x7fdbae81d000 (22 bytes)
1505528596.831316 sending message 105 to peer 0x7fdbae81d000 (17 bytes)
1505528596.831320 sending message 105 to peer 0x7fdbae81d000 (15 bytes)
1505528596.831323 sending message 106 to peer 0x7fdbae81d000 (0 bytes)
1505528596.831330 sending message 200 to peer 0x7fdbae81d000 (4 bytes)
1505528596.831337 client loop enter
1505528596.841186 peer 0x7fdbae81d000 message 207
1505528596.841200 sending message 208 to peer 0x7fdbae81d000 (0 bytes)
1505528641.860326 sending message 205 to peer 0x7fdbae81d000 (0 bytes)
1505528641.860716 peer 0x7fdbae81d000 message 204
1505528641.860730 client loop exit
