1505528611.313172 client started (5402): version 2.5, socket /private/tmp/tmux-501/default, protocol 8
1505528611.313201 on Darwin 16.7.0 Darwin Kernel Version 16.7.0: Thu Jun 15 17:36:27 PDT 2017; root:xnu-3789.70.16~2/RELEASE_X86_64; libevent 2.1.8-stable (select)
1505528611.313234 socket is /private/tmp/tmux-501/default
1505528611.313247 trying connect
1505528611.313326 add peer 0x7faa4a801000: 6 (0x0)
1505528611.314183 sending message 100 to peer 0x7faa4a801000 (4 bytes)
1505528611.314196 sending message 101 to peer 0x7faa4a801000 (16 bytes)
1505528611.314199 sending message 102 to peer 0x7faa4a801000 (13 bytes)
1505528611.314202 sending message 108 to peer 0x7faa4a801000 (25 bytes)
1505528611.314211 sending message 104 to peer 0x7faa4a801000 (0 bytes)
1505528611.314214 sending message 107 to peer 0x7faa4a801000 (4 bytes)
1505528611.314217 sending message 105 to peer 0x7faa4a801000 (23 bytes)
1505528611.314220 sending message 105 to peer 0x7faa4a801000 (21 bytes)
1505528611.314223 sending message 105 to peer 0x7faa4a801000 (16 bytes)
1505528611.314226 sending message 105 to peer 0x7faa4a801000 (57 bytes)
1505528611.314229 sending message 105 to peer 0x7faa4a801000 (76 bytes)
1505528611.314232 sending message 105 to peer 0x7faa4a801000 (28 bytes)
1505528611.314235 sending message 105 to peer 0x7faa4a801000 (60 bytes)
1505528611.314238 sending message 105 to peer 0x7faa4a801000 (13 bytes)
1505528611.314241 sending message 105 to peer 0x7faa4a801000 (66 bytes)
1505528611.314244 sending message 105 to peer 0x7faa4a801000 (38 bytes)
1505528611.314247 sending message 105 to peer 0x7faa4a801000 (42 bytes)
1505528611.314250 sending message 105 to peer 0x7faa4a801000 (86 bytes)
1505528611.314253 sending message 105 to peer 0x7faa4a801000 (29 bytes)
1505528611.314256 sending message 105 to peer 0x7faa4a801000 (22 bytes)
1505528611.314259 sending message 105 to peer 0x7faa4a801000 (14 bytes)
1505528611.314262 sending message 105 to peer 0x7faa4a801000 (13 bytes)
1505528611.314265 sending message 105 to peer 0x7faa4a801000 (19 bytes)
1505528611.314268 sending message 105 to peer 0x7faa4a801000 (8 bytes)
1505528611.314271 sending message 105 to peer 0x7faa4a801000 (20 bytes)
1505528611.314274 sending message 105 to peer 0x7faa4a801000 (15 bytes)
1505528611.314277 sending message 105 to peer 0x7faa4a801000 (61 bytes)
1505528611.314280 sending message 105 to peer 0x7faa4a801000 (16 bytes)
1505528611.314283 sending message 105 to peer 0x7faa4a801000 (15 bytes)
1505528611.314286 sending message 105 to peer 0x7faa4a801000 (109 bytes)
1505528611.314289 sending message 105 to peer 0x7faa4a801000 (32 bytes)
1505528611.314292 sending message 105 to peer 0x7faa4a801000 (13 bytes)
1505528611.314295 sending message 105 to peer 0x7faa4a801000 (11 bytes)
1505528611.314297 sending message 105 to peer 0x7faa4a801000 (11 bytes)
1505528611.314300 sending message 105 to peer 0x7faa4a801000 (11 bytes)
1505528611.314303 sending message 105 to peer 0x7faa4a801000 (17 bytes)
1505528611.314306 sending message 105 to peer 0x7faa4a801000 (34 bytes)
1505528611.314309 sending message 105 to peer 0x7faa4a801000 (25 bytes)
1505528611.314312 sending message 105 to peer 0x7faa4a801000 (25 bytes)
1505528611.314315 sending message 105 to peer 0x7faa4a801000 (21 bytes)
1505528611.314318 sending message 105 to peer 0x7faa4a801000 (21 bytes)
1505528611.314321 sending message 105 to peer 0x7faa4a801000 (28 bytes)
1505528611.314324 sending message 105 to peer 0x7faa4a801000 (21 bytes)
1505528611.314327 sending message 105 to peer 0x7faa4a801000 (25 bytes)
1505528611.314330 sending message 105 to peer 0x7faa4a801000 (32 bytes)
1505528611.314333 sending message 105 to peer 0x7faa4a801000 (107 bytes)
1505528611.314336 sending message 105 to peer 0x7faa4a801000 (17 bytes)
1505528611.314339 sending message 105 to peer 0x7faa4a801000 (21 bytes)
1505528611.314342 sending message 105 to peer 0x7faa4a801000 (117 bytes)
1505528611.314345 sending message 105 to peer 0x7faa4a801000 (13 bytes)
1505528611.314348 sending message 105 to peer 0x7faa4a801000 (11 bytes)
1505528611.314351 sending message 105 to peer 0x7faa4a801000 (22 bytes)
1505528611.314361 sending message 105 to peer 0x7faa4a801000 (17 bytes)
1505528611.314365 sending message 105 to peer 0x7faa4a801000 (15 bytes)
1505528611.314368 sending message 106 to peer 0x7faa4a801000 (0 bytes)
1505528611.314373 sending message 200 to peer 0x7faa4a801000 (4 bytes)
1505528611.314378 client loop enter
1505528611.315028 peer 0x7faa4a801000 message 211
1505528611.315057 peer 0x7faa4a801000 message 203
1505528611.315072 client loop exit
